This is pdfTeX, Version 3.141592653-2.6-1.40.25 (TeX Live 2023/nixos.org) (preloaded format=pdflatex 1980.1.1)  19 SEP 2024 06:26
entering extended mode
 restricted \write18 enabled.
 %&-line parsing enabled.
**./images.tex
(./images.tex
LaTeX2e <2023-11-01> patch level 1
L3 programming layer <2024-02-20>


(/nix/store/i3fpc3wmqzy1lnwx4yiqignp05rabqjs-texlive-2023-env-texmfdist/tex/lat
ex/base/article.cls
Document Class: article 2023/05/17 v1.4n Standard LaTeX document class

(/nix/store/i3fpc3wmqzy1lnwx4yiqignp05rabqjs-texlive-2023-env-texmfdist/tex/lat
ex/base/size10.clo
File: size10.clo 2023/05/17 v1.4n Standard LaTeX file (size option)
)
\c@part=\count188
\c@section=\count189
\c@subsection=\count190
\c@subsubsection=\count191
\c@paragraph=\count192
\c@subparagraph=\count193
\c@figure=\count194
\c@table=\count195
\abovecaptionskip=\skip48
\belowcaptionskip=\skip49
\bibindent=\dimen140
)
(/nix/store/i3fpc3wmqzy1lnwx4yiqignp05rabqjs-texlive-2023-env-texmfdist/tex/lat
ex/base/ifthen.sty
Package: ifthen 2022/04/13 v1.1d Standard LaTeX ifthen package (DPC)
)
(/nix/store/i3fpc3wmqzy1lnwx4yiqignp05rabqjs-texlive-2023-env-texmfdist/tex/lat
ex/amsmath/amsmath.sty
Package: amsmath 2023/05/13 v2.17o AMS math features
\@mathmargin=\skip50
For additional information on amsmath, use the `?' option.

(/nix/store/i3fpc3wmqzy1lnwx4yiqignp05rabqjs-texlive-2023-env-texmfdist/tex/lat
ex/amsmath/amstext.sty
Package: amstext 2021/08/26 v2.01 AMS text

(/nix/store/i3fpc3wmqzy1lnwx4yiqignp05rabqjs-texlive-2023-env-texmfdist/tex/lat
ex/amsmath/amsgen.sty
File: amsgen.sty 1999/11/30 v2.0 generic functions
\@emptytoks=\toks17
\ex@=\dimen141
))
(/nix/store/i3fpc3wmqzy1lnwx4yiqignp05rabqjs-texlive-2023-env-texmfdist/tex/lat
ex/amsmath/amsbsy.sty
Package: amsbsy 1999/11/29 v1.2d Bold Symbols
\pmbraise@=\dimen142
)
(/nix/store/i3fpc3wmqzy1lnwx4yiqignp05rabqjs-texlive-2023-env-texmfdist/tex/lat
ex/amsmath/amsopn.sty
Package: amsopn 2022/04/08 v2.04 operator names
)
\inf@bad=\count196
LaTeX Info: Redefining \frac on input line 234.
\uproot@=\count197
\leftroot@=\count198
LaTeX Info: Redefining \overline on input line 399.
LaTeX Info: Redefining \colon on input line 410.
\classnum@=\count199
\DOTSCASE@=\count266
LaTeX Info: Redefining \ldots on input line 496.
LaTeX Info: Redefining \dots on input line 499.
LaTeX Info: Redefining \cdots on input line 620.
\Mathstrutbox@=\box51
\strutbox@=\box52
LaTeX Info: Redefining \big on input line 722.
LaTeX Info: Redefining \Big on input line 723.
LaTeX Info: Redefining \bigg on input line 724.
LaTeX Info: Redefining \Bigg on input line 725.
\big@size=\dimen143
LaTeX Font Info:    Redeclaring font encoding OML on input line 743.
LaTeX Font Info:    Redeclaring font encoding OMS on input line 744.
\macc@depth=\count267
LaTeX Info: Redefining \bmod on input line 905.
LaTeX Info: Redefining \pmod on input line 910.
LaTeX Info: Redefining \smash on input line 940.
LaTeX Info: Redefining \relbar on input line 970.
LaTeX Info: Redefining \Relbar on input line 971.
\c@MaxMatrixCols=\count268
\dotsspace@=\muskip16
\c@parentequation=\count269
\dspbrk@lvl=\count270
\tag@help=\toks18
\row@=\count271
\column@=\count272
\maxfields@=\count273
\andhelp@=\toks19
\eqnshift@=\dimen144
\alignsep@=\dimen145
\tagshift@=\dimen146
\tagwidth@=\dimen147
\totwidth@=\dimen148
\lineht@=\dimen149
\@envbody=\toks20
\multlinegap=\skip51
\multlinetaggap=\skip52
\mathdisplay@stack=\toks21
LaTeX Info: Redefining \[ on input line 2953.
LaTeX Info: Redefining \] on input line 2954.
)
(/nix/store/i3fpc3wmqzy1lnwx4yiqignp05rabqjs-texlive-2023-env-texmfdist/tex/lat
ex/amsfonts/amssymb.sty
Package: amssymb 2013/01/14 v3.01 AMS font symbols

(/nix/store/i3fpc3wmqzy1lnwx4yiqignp05rabqjs-texlive-2023-env-texmfdist/tex/lat
ex/amsfonts/amsfonts.sty
Package: amsfonts 2013/01/14 v3.01 Basic AMSFonts support
\symAMSa=\mathgroup4
\symAMSb=\mathgroup5
LaTeX Font Info:    Redeclaring math symbol \hbar on input line 98.
LaTeX Font Info:    Overwriting math alphabet `\mathfrak' in version `bold'
(Font)                  U/euf/m/n --> U/euf/b/n on input line 106.
))
(/nix/store/i3fpc3wmqzy1lnwx4yiqignp05rabqjs-texlive-2023-env-texmfdist/tex/lat
ex/amscls/amsthm.sty
Package: amsthm 2020/05/29 v2.20.6
\thm@style=\toks22
\thm@bodyfont=\toks23
\thm@headfont=\toks24
\thm@notefont=\toks25
\thm@headpunct=\toks26
\thm@preskip=\skip53
\thm@postskip=\skip54
\thm@headsep=\skip55
\dth@everypar=\toks27
)
\c@theorem=\count274

(/nix/store/i3fpc3wmqzy1lnwx4yiqignp05rabqjs-texlive-2023-env-texmfdist/tex/lat
ex/xcolor/xcolor.sty
Package: xcolor 2023/11/15 v3.01 LaTeX color extensions (UK)

(/nix/store/i3fpc3wmqzy1lnwx4yiqignp05rabqjs-texlive-2023-env-texmfdist/tex/lat
ex/graphics-cfg/color.cfg
File: color.cfg 2016/01/02 v1.6 sample color configuration
)
Package xcolor Info: Driver file: pdftex.def on input line 274.

(/nix/store/i3fpc3wmqzy1lnwx4yiqignp05rabqjs-texlive-2023-env-texmfdist/tex/lat
ex/graphics-def/pdftex.def
File: pdftex.def 2022/09/22 v1.2b Graphics/color driver for pdftex
)
(/nix/store/i3fpc3wmqzy1lnwx4yiqignp05rabqjs-texlive-2023-env-texmfdist/tex/lat
ex/graphics/mathcolor.ltx)
Package xcolor Info: Model `cmy' substituted by `cmy0' on input line 1350.
Package xcolor Info: Model `hsb' substituted by `rgb' on input line 1354.
Package xcolor Info: Model `RGB' extended on input line 1366.
Package xcolor Info: Model `HTML' substituted by `rgb' on input line 1368.
Package xcolor Info: Model `Hsb' substituted by `hsb' on input line 1369.
Package xcolor Info: Model `tHsb' substituted by `hsb' on input line 1370.
Package xcolor Info: Model `HSB' substituted by `hsb' on input line 1371.
Package xcolor Info: Model `Gray' substituted by `gray' on input line 1372.
Package xcolor Info: Model `wave' substituted by `hsb' on input line 1373.
)
\sizebox=\box53
\lthtmlwrite=\write3

(/nix/store/i3fpc3wmqzy1lnwx4yiqignp05rabqjs-texlive-2023-env-texmfdist/tex/lat
ex/preview/preview.sty
Package: preview 2024/01/17 13.3 (AUCTeX/preview-latex)

(/nix/store/i3fpc3wmqzy1lnwx4yiqignp05rabqjs-texlive-2023-env-texmfdist/tex/gen
eric/luatex85/luatex85.sty
Package: luatex85 2016/06/15 v1.4 pdftex aliases for luatex
)
(/nix/store/i3fpc3wmqzy1lnwx4yiqignp05rabqjs-texlive-2023-env-texmfdist/tex/lat
ex/preview/prtightpage.def
\PreviewBorder=\dimen150
)
\pr@snippet=\count275
\pr@box=\box54
\pr@output=\toks28
)
\lthtmlPageBox=\box55
\lthtmlCropMarkHeight=\dimen151
\lthtmlCropMarkDepth=\dimen152

(/nix/store/i3fpc3wmqzy1lnwx4yiqignp05rabqjs-texlive-2023-env-texmfdist/tex/lat
ex/l3backend/l3backend-pdftex.def
File: l3backend-pdftex.def 2024-02-20 L3 backend support: PDF output (pdfTeX)
\l__color_backend_stack_int=\count276
\l__pdf_internal_box=\box56
)
No file images.aux.
\openout1 = `images.aux'.

LaTeX Font Info:    Checking defaults for OML/cmm/m/it on input line 118.
LaTeX Font Info:    ... okay on input line 118.
LaTeX Font Info:    Checking defaults for OMS/cmsy/m/n on input line 118.
LaTeX Font Info:    ... okay on input line 118.
LaTeX Font Info:    Checking defaults for OT1/cmr/m/n on input line 118.
LaTeX Font Info:    ... okay on input line 118.
LaTeX Font Info:    Checking defaults for T1/cmr/m/n on input line 118.
LaTeX Font Info:    ... okay on input line 118.
LaTeX Font Info:    Checking defaults for TS1/cmr/m/n on input line 118.
LaTeX Font Info:    ... okay on input line 118.
LaTeX Font Info:    Checking defaults for OMX/cmex/m/n on input line 118.
LaTeX Font Info:    ... okay on input line 118.
LaTeX Font Info:    Checking defaults for U/cmr/m/n on input line 118.
LaTeX Font Info:    ... okay on input line 118.

(/nix/store/i3fpc3wmqzy1lnwx4yiqignp05rabqjs-texlive-2023-env-texmfdist/tex/con
text/base/mkii/supp-pdf.mkii
[Loading MPS to PDF converter (version 2006.09.02).]
\scratchcounter=\count277
\scratchdimen=\dimen153
\scratchbox=\box57
\nofMPsegments=\count278
\nofMParguments=\count279
\everyMPshowfont=\toks29
\MPscratchCnt=\count280
\MPscratchDim=\dimen154
\MPnumerator=\count281
\makeMPintoPDFobject=\count282
\everyMPtoPDFconversion=\toks30
)
Preview: Fontsize 10pt
Preview: PDFoutput 1

latex2htmlLength hsize=345.0pt

latex2htmlLength vsize=633.0pt

latex2htmlLength hoffset=0.0pt

latex2htmlLength voffset=0.0pt

latex2htmlLength topmargin=0.0pt

latex2htmlLength topskip=0.00003pt

latex2htmlLength headheight=0.0pt

latex2htmlLength headsep=0.0pt

latex2htmlLength parskip=0.0pt plus 1.0pt

latex2htmlLength oddsidemargin=62.0pt

latex2htmlLength evensidemargin=62.0pt

LaTeX Font Info:    Trying to load font information for U+msa on input line 143
.

(/nix/store/i3fpc3wmqzy1lnwx4yiqignp05rabqjs-texlive-2023-env-texmfdist/tex/lat
ex/amsfonts/umsa.fd
File: umsa.fd 2013/01/14 v3.01 AMS symbols A
)
LaTeX Font Info:    Trying to load font information for U+msb on input line 143
.

(/nix/store/i3fpc3wmqzy1lnwx4yiqignp05rabqjs-texlive-2023-env-texmfdist/tex/lat
ex/amsfonts/umsb.fd
File: umsb.fd 2013/01/14 v3.01 AMS symbols B
)

:tex2html_wrap_inline283:lthtmlCropMarkHeight:=12.88889pt

:tex2html_wrap_inline283:lthtmlCropMarkDepth:=1.49998pt:1ex:=4.30554pt
Preview: Tightpage -32890 -32890 32890 32890
[1{/nix/store/kvrxvi8bs68bj14ln741l6irz4cy5pkv-texlive-2023-env/share/texmf-var
/fonts/map/pdftex/updmap/pdftex.map}]

:tex2html_wrap_inline286:lthtmlCropMarkHeight:=13.5pt

:tex2html_wrap_inline286:lthtmlCropMarkDepth:=2.5pt:1ex:=4.30554pt
[2]

:tex2html_wrap_inline288:lthtmlCropMarkHeight:=12.83331pt

:tex2html_wrap_inline288:lthtmlCropMarkDepth:=0.39098pt:1ex:=4.30554pt
[3]

:tex2html_wrap_inline290:lthtmlCropMarkHeight:=12.94444pt

:tex2html_wrap_inline290:lthtmlCropMarkDepth:=1.94444pt:1ex:=4.30554pt
[4]

:tex2html_wrap_inline292:lthtmlCropMarkHeight:=12.44444pt

:tex2html_wrap_inline292:lthtmlCropMarkDepth:=0.0pt:1ex:=4.30554pt
[5]

:tex2html_wrap_inline294:lthtmlCropMarkHeight:=12.44444pt

:tex2html_wrap_inline294:lthtmlCropMarkDepth:=0.0pt:1ex:=4.30554pt
[6]

:tex2html_wrap_inline296:lthtmlCropMarkHeight:=10.30554pt

:tex2html_wrap_inline296:lthtmlCropMarkDepth:=0.0pt:1ex:=4.30554pt
[7]

:tex2html_wrap_inline300:lthtmlCropMarkHeight:=12.94444pt

:tex2html_wrap_inline300:lthtmlCropMarkDepth:=0.0pt:1ex:=4.30554pt
[8]

:tex2html_wrap_inline302:lthtmlCropMarkHeight:=13.5pt

:tex2html_wrap_inline302:lthtmlCropMarkDepth:=2.5pt:1ex:=4.30554pt
[9]

:tex2html_wrap_inline304:lthtmlCropMarkHeight:=13.5pt

:tex2html_wrap_inline304:lthtmlCropMarkDepth:=2.5pt:1ex:=4.30554pt
[10]

:tex2html_wrap_inline307:lthtmlCropMarkHeight:=16.44443pt

:tex2html_wrap_inline307:lthtmlCropMarkDepth:=2.6666pt:1ex:=4.30554pt
[11]

:tex2html_wrap_indisplay309:lthtmlCropMarkHeight:=23.50014pt

:tex2html_wrap_indisplay309:lthtmlCropMarkDepth:=12.50015pt:1ex:=4.30554pt
[12]

:tex2html_wrap_inline311:lthtmlCropMarkHeight:=12.83331pt

:tex2html_wrap_inline311:lthtmlCropMarkDepth:=0.0pt:1ex:=4.30554pt
[13]

:tex2html_wrap_inline313:lthtmlCropMarkHeight:=12.83331pt

:tex2html_wrap_inline313:lthtmlCropMarkDepth:=0.0pt:1ex:=4.30554pt
[14]

:tex2html_wrap_inline315:lthtmlCropMarkHeight:=12.83331pt

:tex2html_wrap_inline315:lthtmlCropMarkDepth:=3.55557pt:1ex:=4.30554pt
[15]

:tex2html_wrap_inline317:lthtmlCropMarkHeight:=16.44443pt

:tex2html_wrap_inline317:lthtmlCropMarkDepth:=2.6666pt:1ex:=4.30554pt
[16]

:tex2html_wrap_inline319:lthtmlCropMarkHeight:=12.83331pt

:tex2html_wrap_inline319:lthtmlCropMarkDepth:=1.35971pt:1ex:=4.30554pt
[17]

:tex2html_wrap_inline321:lthtmlCropMarkHeight:=12.44444pt

:tex2html_wrap_inline321:lthtmlCropMarkDepth:=1.49998pt:1ex:=4.30554pt
[18]

:tex2html_wrap_inline323:lthtmlCropMarkHeight:=12.83331pt

:tex2html_wrap_inline323:lthtmlCropMarkDepth:=1.49998pt:1ex:=4.30554pt
[19]

:tex2html_wrap_inline325:lthtmlCropMarkHeight:=12.44444pt

:tex2html_wrap_inline325:lthtmlCropMarkDepth:=1.49998pt:1ex:=4.30554pt
[20]

:tex2html_wrap_inline327:lthtmlCropMarkHeight:=12.83331pt

:tex2html_wrap_inline327:lthtmlCropMarkDepth:=0.0pt:1ex:=4.30554pt
[21]

:tex2html_wrap_inline329:lthtmlCropMarkHeight:=16.44443pt

:tex2html_wrap_inline329:lthtmlCropMarkDepth:=2.6666pt:1ex:=4.30554pt
[22]

:tex2html_wrap_indisplay331:lthtmlCropMarkHeight:=12.94444pt

:tex2html_wrap_indisplay331:lthtmlCropMarkDepth:=1.94444pt:1ex:=4.30554pt
[23]

:tex2html_wrap_inline333:lthtmlCropMarkHeight:=16.44443pt

:tex2html_wrap_inline333:lthtmlCropMarkDepth:=2.6666pt:1ex:=4.30554pt
[24]

:tex2html_wrap_inline335:lthtmlCropMarkHeight:=15.28334pt

:tex2html_wrap_inline335:lthtmlCropMarkDepth:=0.0pt:1ex:=4.30554pt
[25]

:tex2html_wrap_inline337:lthtmlCropMarkHeight:=15.28334pt

:tex2html_wrap_inline337:lthtmlCropMarkDepth:=0.0pt:1ex:=4.30554pt
[26]

:tex2html_wrap_inline340:lthtmlCropMarkHeight:=12.94444pt

:tex2html_wrap_inline340:lthtmlCropMarkDepth:=1.94444pt:1ex:=4.30554pt
[27]

:tex2html_wrap_inline346:lthtmlCropMarkHeight:=12.94444pt

:tex2html_wrap_inline346:lthtmlCropMarkDepth:=1.94444pt:1ex:=4.30554pt
[28]

:tex2html_wrap_inline356:lthtmlCropMarkHeight:=13.5pt

:tex2html_wrap_inline356:lthtmlCropMarkDepth:=2.5pt:1ex:=4.30554pt
[29]

:tex2html_wrap_inline360:lthtmlCropMarkHeight:=10.30554pt

:tex2html_wrap_inline360:lthtmlCropMarkDepth:=0.0pt:1ex:=4.30554pt
[30]

:tex2html_wrap_inline391:lthtmlCropMarkHeight:=13.5pt

:tex2html_wrap_inline391:lthtmlCropMarkDepth:=2.5pt:1ex:=4.30554pt
[31]

:tex2html_wrap_inline393:lthtmlCropMarkHeight:=13.5pt

:tex2html_wrap_inline393:lthtmlCropMarkDepth:=2.5pt:1ex:=4.30554pt
[32]

:tex2html_wrap_inline401:lthtmlCropMarkHeight:=15.88896pt

:tex2html_wrap_inline401:lthtmlCropMarkDepth:=3.00005pt:1ex:=4.30554pt
[33]

:tex2html_wrap_inline403:lthtmlCropMarkHeight:=10.30554pt

:tex2html_wrap_inline403:lthtmlCropMarkDepth:=1.49998pt:1ex:=4.30554pt
[34]

:tex2html_wrap_inline405:lthtmlCropMarkHeight:=10.30554pt

:tex2html_wrap_inline405:lthtmlCropMarkDepth:=1.94444pt:1ex:=4.30554pt
[35]

:tex2html_wrap_inline409:lthtmlCropMarkHeight:=12.88889pt

:tex2html_wrap_inline409:lthtmlCropMarkDepth:=1.49998pt:1ex:=4.30554pt
[36]

:tex2html_wrap_inline413:lthtmlCropMarkHeight:=14.49002pt

:tex2html_wrap_inline413:lthtmlCropMarkDepth:=0.0pt:1ex:=4.30554pt
[37]

:tex2html_wrap_inline415:lthtmlCropMarkHeight:=13.5pt

:tex2html_wrap_inline415:lthtmlCropMarkDepth:=2.5pt:1ex:=4.30554pt
[38]

:tex2html_wrap_inline417:lthtmlCropMarkHeight:=14.49002pt

:tex2html_wrap_inline417:lthtmlCropMarkDepth:=2.5pt:1ex:=4.30554pt
[39] (./images.aux)
 ***********
LaTeX2e <2023-11-01> patch level 1
L3 programming layer <2024-02-20>
 ***********
 ) 
Here is how much of TeX's memory you used:
 2977 strings out of 474116
 43907 string characters out of 5720541
 1926187 words of memory out of 5000000
 25344 multiletter control sequences out of 15000+600000
 559768 words of font info for 44 fonts, out of 8000000 for 9000
 1141 hyphenation exceptions out of 8191
 56i,11n,65p,204b,126s stack positions out of 10000i,1000n,20000p,200000b,200000s
</nix/store/i3fpc3wmqzy1lnwx4yiqignp05rabqjs-texlive-2023-env-texmfdist/fonts
/type1/public/amsfonts/cm/cmex10.pfb></nix/store/i3fpc3wmqzy1lnwx4yiqignp05rabq
js-texlive-2023-env-texmfdist/fonts/type1/public/amsfonts/cm/cmmi10.pfb></nix/s
tore/i3fpc3wmqzy1lnwx4yiqignp05rabqjs-texlive-2023-env-texmfdist/fonts/type1/pu
blic/amsfonts/cm/cmmi7.pfb></nix/store/i3fpc3wmqzy1lnwx4yiqignp05rabqjs-texlive
-2023-env-texmfdist/fonts/type1/public/amsfonts/cm/cmr10.pfb></nix/store/i3fpc3
wmqzy1lnwx4yiqignp05rabqjs-texlive-2023-env-texmfdist/fonts/type1/public/amsfon
ts/cm/cmr7.pfb></nix/store/i3fpc3wmqzy1lnwx4yiqignp05rabqjs-texlive-2023-env-te
xmfdist/fonts/type1/public/amsfonts/cm/cmsy10.pfb></nix/store/i3fpc3wmqzy1lnwx4
yiqignp05rabqjs-texlive-2023-env-texmfdist/fonts/type1/public/amsfonts/cm/cmsy7
.pfb></nix/store/i3fpc3wmqzy1lnwx4yiqignp05rabqjs-texlive-2023-env-texmfdist/fo
nts/type1/public/amsfonts/symbols/msbm10.pfb>
Output written on images.pdf (39 pages, 81704 bytes).
PDF statistics:
 172 PDF objects out of 1000 (max. 8388607)
 113 compressed objects within 2 object streams
 0 named destinations out of 1000 (max. 500000)
 1 words of extra memory for PDF output out of 10000 (max. 10000000)

